<?xml version="1.0" encoding="UTF-8"?>
<testsuite name="com.example.OpenReuseApplicationTests" tests="1" skipped="0" failures="0" errors="0" timestamp="2016-03-16T15:41:21" hostname="BrunodeMacBook-Pro.local" time="0.001">
  <properties/>
  <testcase name="contextLoads" classname="com.example.OpenReuseApplicationTests" time="0.001"/>
  <system-out><![CDATA[23:41:20.609 [Test worker] DEBUG o.s.t.c.j.SpringJUnit4ClassRunner - SpringJUnit4ClassRunner constructor called with [class com.example.OpenReuseApplicationTests]
23:41:20.612 [Test worker] DEBUG o.s.test.context.BootstrapUtils - Instantiating CacheAwareContextLoaderDelegate from class [org.springframework.test.context.cache.DefaultCacheAwareContextLoaderDelegate]
23:41:20.617 [Test worker] DEBUG o.s.test.context.BootstrapUtils - Instantiating BootstrapContext using constructor [public org.springframework.test.context.support.DefaultBootstrapContext(java.lang.Class,org.springframework.test.context.CacheAwareContextLoaderDelegate)]
23:41:20.624 [Test worker] DEBUG o.s.test.context.BootstrapUtils - Instantiating TestContextBootstrapper for test class [com.example.OpenReuseApplicationTests] from class [org.springframework.test.context.support.DefaultTestContextBootstrapper]
23:41:20.642 [Test worker] DEBUG o.s.t.c.s.DefaultTestContextBootstrapper - Found explicit ContextLoader class [org.springframework.boot.test.SpringApplicationContextLoader] for context configuration attributes [ContextConfigurationAttributes@64211418 declaringClass = 'com.example.OpenReuseApplicationTests', classes = '{class com.example.OpenReuseApplication}', locations = '{}', inheritLocations = true, initializers = '{}', inheritInitializers = true, name = [null], contextLoaderClass = 'org.springframework.boot.test.SpringApplicationContextLoader']
23:41:20.647 [Test worker] DEBUG o.s.t.c.s.AbstractContextLoader - Did not detect default resource location for test class [com.example.OpenReuseApplicationTests]: class path resource [com/example/OpenReuseApplicationTests-context.xml] does not exist
23:41:20.647 [Test worker] DEBUG o.s.t.c.s.AbstractContextLoader - Did not detect default resource location for test class [com.example.OpenReuseApplicationTests]: class path resource [com/example/OpenReuseApplicationTestsContext.groovy] does not exist
23:41:20.648 [Test worker] INFO  o.s.t.c.s.AbstractContextLoader - Could not detect default resource locations for test class [com.example.OpenReuseApplicationTests]: no resource found for suffixes {-context.xml, Context.groovy}.
23:41:20.650 [Test worker] DEBUG o.s.t.c.support.ActiveProfilesUtils - Could not find an 'annotation declaring class' for annotation type [org.springframework.test.context.ActiveProfiles] and class [com.example.OpenReuseApplicationTests]
23:41:20.652 [Test worker] DEBUG o.s.t.c.s.DefaultTestContextBootstrapper - @TestExecutionListeners is not present for class [com.example.OpenReuseApplicationTests]: using defaults.
23:41:20.658 [Test worker] INFO  o.s.t.c.s.DefaultTestContextBootstrapper - Loaded default TestExecutionListener class names from location [META-INF/spring.factories]: [org.springframework.test.context.web.ServletTestExecutionListener, org.springframework.test.context.support.DirtiesContextBeforeModesTestExecutionListener, org.springframework.test.context.support.DependencyInjectionTestExecutionListener, org.springframework.test.context.support.DirtiesContextTestExecutionListener, org.springframework.test.context.transaction.TransactionalTestExecutionListener, org.springframework.test.context.jdbc.SqlScriptsTestExecutionListener]
23:41:20.661 [Test worker] INFO  o.s.t.c.s.DefaultTestContextBootstrapper - Could not instantiate TestExecutionListener [org.springframework.test.context.jdbc.SqlScriptsTestExecutionListener]. Specify custom listener classes or make the default listener classes (and their required dependencies) available. Offending class: [org/springframework/transaction/interceptor/TransactionAttribute]
23:41:20.662 [Test worker] INFO  o.s.t.c.s.DefaultTestContextBootstrapper - Could not instantiate TestExecutionListener [org.springframework.test.context.web.ServletTestExecutionListener]. Specify custom listener classes or make the default listener classes (and their required dependencies) available. Offending class: [javax/servlet/ServletContext]
23:41:20.663 [Test worker] INFO  o.s.t.c.s.DefaultTestContextBootstrapper - Could not instantiate TestExecutionListener [org.springframework.test.context.transaction.TransactionalTestExecutionListener]. Specify custom listener classes or make the default listener classes (and their required dependencies) available. Offending class: [org/springframework/transaction/interceptor/TransactionAttributeSource]
23:41:20.666 [Test worker] INFO  o.s.t.c.s.DefaultTestContextBootstrapper - Using TestExecutionListeners: [org.springframework.test.context.support.DirtiesContextBeforeModesTestExecutionListener@5c6939ea, org.springframework.test.context.support.DependencyInjectionTestExecutionListener@3340b43c, org.springframework.test.context.support.DirtiesContextTestExecutionListener@3f021e14]
23:41:20.669 [Test worker] DEBUG o.s.t.annotation.ProfileValueUtils - Retrieved @ProfileValueSourceConfiguration [null] for test class [com.example.OpenReuseApplicationTests]
23:41:20.670 [Test worker] DEBUG o.s.t.annotation.ProfileValueUtils - Retrieved ProfileValueSource type [class org.springframework.test.annotation.SystemProfileValueSource] for class [com.example.OpenReuseApplicationTests]
23:41:20.670 [Test worker] DEBUG o.s.t.annotation.ProfileValueUtils - Retrieved @ProfileValueSourceConfiguration [null] for test class [com.example.OpenReuseApplicationTests]
23:41:20.670 [Test worker] DEBUG o.s.t.annotation.ProfileValueUtils - Retrieved ProfileValueSource type [class org.springframework.test.annotation.SystemProfileValueSource] for class [com.example.OpenReuseApplicationTests]
23:41:20.673 [Test worker] DEBUG o.s.t.c.s.AbstractDirtiesContextTestExecutionListener - Before test class: context [DefaultTestContext@7ad77ed2 testClass = OpenReuseApplicationTests, testInstance = [null], testMethod = [null], testException = [null], mergedContextConfiguration = [MergedContextConfiguration@11d35498 testClass = OpenReuseApplicationTests, locations = '{}', classes = '{class com.example.OpenReuseApplication}', contextInitializerClasses = '[]', activeProfiles = '{}', propertySourceLocations = '{}', propertySourceProperties = '{}', contextLoader = 'org.springframework.boot.test.SpringApplicationContextLoader', parent = [null]]], class annotated with @DirtiesContext [false] with mode [null].
23:41:20.673 [Test worker] DEBUG o.s.t.annotation.ProfileValueUtils - Retrieved @ProfileValueSourceConfiguration [null] for test class [com.example.OpenReuseApplicationTests]
23:41:20.674 [Test worker] DEBUG o.s.t.annotation.ProfileValueUtils - Retrieved ProfileValueSource type [class org.springframework.test.annotation.SystemProfileValueSource] for class [com.example.OpenReuseApplicationTests]
23:41:20.676 [Test worker] DEBUG o.s.t.c.s.DependencyInjectionTestExecutionListener - Performing dependency injection for test context [[DefaultTestContext@7ad77ed2 testClass = OpenReuseApplicationTests, testInstance = com.example.OpenReuseApplicationTests@206fd8e9, testMethod = [null], testException = [null], mergedContextConfiguration = [MergedContextConfiguration@11d35498 testClass = OpenReuseApplicationTests, locations = '{}', classes = '{class com.example.OpenReuseApplication}', contextInitializerClasses = '[]', activeProfiles = '{}', propertySourceLocations = '{}', propertySourceProperties = '{}', contextLoader = 'org.springframework.boot.test.SpringApplicationContextLoader', parent = [null]]]].
23:41:20.741 [Test worker] DEBUG o.s.core.env.StandardEnvironment - Adding [systemProperties] PropertySource with lowest search precedence
23:41:20.742 [Test worker] DEBUG o.s.core.env.StandardEnvironment - Adding [systemEnvironment] PropertySource with lowest search precedence
23:41:20.742 [Test worker] DEBUG o.s.core.env.StandardEnvironment - Initialized StandardEnvironment with PropertySources [systemProperties,systemEnvironment]
23:41:20.743 [Test worker] DEBUG o.s.core.env.StandardEnvironment - Adding [integrationTest] PropertySource with search precedence immediately lower than [systemEnvironment]

  .   ____          _            __ _ _
 /\\ / ___'_ __ _ _(_)_ __  __ _ \ \ \ \
( ( )\___ | '_ | '_| | '_ \/ _` | \ \ \ \
 \\/  ___)| |_)| | | | | || (_| |  ) ) ) )
  '  |____| .__|_| |_|_| |_\__, | / / / /
 =========|_|==============|___/=/_/_/_/
 :: Spring Boot ::        (v1.3.3.RELEASE)

2016-03-16 23:41:20.920  INFO 32867 --- [    Test worker] com.example.OpenReuseApplicationTests    : Starting OpenReuseApplicationTests on BrunodeMacBook-Pro.local with PID 32867 (/Users/macbookpro/Documents/github/OpenReuse/build/classes/test started by Bruno in /Users/macbookpro/Documents/github/OpenReuse)
2016-03-16 23:41:20.920  INFO 32867 --- [    Test worker] com.example.OpenReuseApplicationTests    : No active profile set, falling back to default profiles: default
2016-03-16 23:41:20.955  INFO 32867 --- [    Test worker] s.c.a.AnnotationConfigApplicationContext : Refreshing org.springframework.context.annotation.AnnotationConfigApplicationContext@5986df75: startup date [Wed Mar 16 23:41:20 CST 2016]; root of context hierarchy
2016-03-16 23:41:21.434  INFO 32867 --- [    Test worker] com.example.OpenReuseApplicationTests    : Started OpenReuseApplicationTests in 0.687 seconds (JVM running for 1.425)
]]></system-out>
  <system-err><![CDATA[]]></system-err>
</testsuite>
